<?xml version="1.0" encoding="UTF-8"?>
<!-- Generated by org.testng.reporters.JUnitXMLReporter -->
<testsuite ignored="3" hostname="LAPTOP-ATNFO35U" failures="0" tests="1" name="Default test" time="10.092" errors="0" timestamp="2023-02-20T20:41:29 IST">
  <testcase classname="com.fb.test.HomePageTest" name="verifyHomePageTitleTest" time="4.409"/>
  <testcase classname="com.fb.test.HomePageTest" name="verifyFriendsLinkTest" time="0.0">
    <ignored/>
  </testcase> <!-- verifyFriendsLinkTest -->
  <testcase classname="com.fb.test.HomePageTest" name="verifyProfilePageTest" time="0.0">
    <ignored/>
  </testcase> <!-- verifyProfilePageTest -->
  <testcase classname="com.fb.test.HomePageTest" name="verifyGroupsLinkTest" time="0.0">
    <ignored/>
  </testcase> <!-- verifyGroupsLinkTest -->
</testsuite> <!-- Default test -->
