<?xml version="1.0" encoding="UTF-8"?>
<testng-results ignored="3" total="4" passed="1" failed="0" skipped="0">
  <reporter-output>
  </reporter-output>
  <suite started-at="2023-02-20T20:41:19 IST" name="Default suite" finished-at="2023-02-20T20:41:29 IST" duration-ms="10092">
    <groups>
    </groups>
    <test started-at="2023-02-20T20:41:19 IST" name="Default test" finished-at="2023-02-20T20:41:29 IST" duration-ms="10092">
      <class name="com.fb.test.HomePageTest">
        <test-method is-config="true" signature="setUp()[pri:0, instance:com.fb.test.HomePageTest@21a21c64]" started-at="2023-02-20T20:41:19 IST" name="setUp" finished-at="2023-02-20T20:41:24 IST" duration-ms="5126" status="PASS">
          <reporter-output>
          </reporter-output>
        </test-method> <!-- setUp -->
        <test-method signature="verifyHomePageTitleTest()[pri:1, instance:com.fb.test.HomePageTest@21a21c64]" started-at="2023-02-20T20:41:24 IST" name="verifyHomePageTitleTest" finished-at="2023-02-20T20:41:29 IST" duration-ms="4409" status="PASS">
          <reporter-output>
          </reporter-output>
        </test-method> <!-- verifyHomePageTitleTest -->
        <test-method is-config="true" signature="tearDown()[pri:0, instance:com.fb.test.HomePageTest@21a21c64]" started-at="2023-02-20T20:41:29 IST" name="tearDown" finished-at="2023-02-20T20:41:29 IST" duration-ms="321" status="PASS">
          <reporter-output>
          </reporter-output>
        </test-method> <!-- tearDown -->
      </class> <!-- com.fb.test.HomePageTest -->
    </test> <!-- Default test -->
  </suite> <!-- Default suite -->
</testng-results>
